0 info it worked if it ends with ok
1 verbose cli [ '/usr/bin/node', '/usr/bin/npm', 'install', '-g', 'live-server' ]
2 info using npm@3.5.2
3 info using node@v8.10.0
4 silly loadCurrentTree Starting
5 silly install loadCurrentTree
6 silly install readGlobalPackageData
7 silly fetchPackageMetaData live-server
8 silly fetchNamedPackageData live-server
9 silly mapToRegistry name live-server
10 silly mapToRegistry using default registry
11 silly mapToRegistry registry https://registry.npmjs.org/
12 silly mapToRegistry uri https://registry.npmjs.org/live-server
13 verbose request uri https://registry.npmjs.org/live-server
14 verbose request no auth needed
15 info attempt registry request try #1 at 1:47:21 PM
16 verbose request id 76e76289356b1f72
17 verbose etag W/"382dc3b266bd9bf4633ac99e931e4924"
18 verbose lastModified Fri, 04 Jan 2019 16:10:14 GMT
19 http request GET https://registry.npmjs.org/live-server
20 http 304 https://registry.npmjs.org/live-server
21 verbose headers { date: 'Wed, 30 Sep 2020 10:47:21 GMT',
21 verbose headers   connection: 'keep-alive',
21 verbose headers   'set-cookie':
21 verbose headers    [ '__cfduid=de06f2b10adaed952c57050f38512b47e1601462841; expires=Fri, 30-Oct-20 10:47:21 GMT; path=/; domain=.npmjs.org; HttpOnly; SameSite=Lax' ],
21 verbose headers   'cf-ray': '5dad5d8568a1c2d6-FRA',
21 verbose headers   age: '3471',
21 verbose headers   'cache-control': 'public, max-age=300',
21 verbose headers   etag: '"382dc3b266bd9bf4633ac99e931e4924"',
21 verbose headers   'last-modified': 'Fri, 04 Jan 2019 16:10:14 GMT',
21 verbose headers   vary: 'Accept-Encoding',
21 verbose headers   'cf-cache-status': 'HIT',
21 verbose headers   'cf-request-id': '058038c75d0000c2d65d3ee200000001',
21 verbose headers   'expect-ct': 'max-age=604800, report-uri="https://report-uri.cloudflare.com/cdn-cgi/beacon/expect-ct"',
21 verbose headers   server: 'cloudflare' }
22 silly get cb [ 304,
22 silly get   { date: 'Wed, 30 Sep 2020 10:47:21 GMT',
22 silly get     connection: 'keep-alive',
22 silly get     'set-cookie':
22 silly get      [ '__cfduid=de06f2b10adaed952c57050f38512b47e1601462841; expires=Fri, 30-Oct-20 10:47:21 GMT; path=/; domain=.npmjs.org; HttpOnly; SameSite=Lax' ],
22 silly get     'cf-ray': '5dad5d8568a1c2d6-FRA',
22 silly get     age: '3471',
22 silly get     'cache-control': 'public, max-age=300',
22 silly get     etag: '"382dc3b266bd9bf4633ac99e931e4924"',
22 silly get     'last-modified': 'Fri, 04 Jan 2019 16:10:14 GMT',
22 silly get     vary: 'Accept-Encoding',
22 silly get     'cf-cache-status': 'HIT',
22 silly get     'cf-request-id': '058038c75d0000c2d65d3ee200000001',
22 silly get     'expect-ct': 'max-age=604800, report-uri="https://report-uri.cloudflare.com/cdn-cgi/beacon/expect-ct"',
22 silly get     server: 'cloudflare' } ]
23 verbose etag https://registry.npmjs.org/live-server from cache
24 verbose get saving live-server to /home/oem/.npm/registry.npmjs.org/live-server/.cache.json
25 silly install normalizeTree
26 silly loadCurrentTree Finishing
27 silly loadIdealTree Starting
28 silly install loadIdealTree
29 silly cloneCurrentTree Starting
30 silly install cloneCurrentTreeToIdealTree
31 silly cloneCurrentTree Finishing
32 silly loadShrinkwrap Starting
33 silly install loadShrinkwrap
34 silly loadShrinkwrap Finishing
35 silly loadAllDepsIntoIdealTree Starting
36 silly install loadAllDepsIntoIdealTree
37 silly resolveWithNewModule live-server@1.2.1 checking installable status
38 silly cache add args [ 'live-server', null ]
39 verbose cache add spec live-server
40 silly cache add parsed spec Result {
40 silly cache add   raw: 'live-server',
40 silly cache add   scope: null,
40 silly cache add   name: 'live-server',
40 silly cache add   rawSpec: '',
40 silly cache add   spec: 'latest',
40 silly cache add   type: 'tag' }
41 silly addNamed live-server@latest
42 verbose addNamed "latest" is being treated as a dist-tag for live-server
43 info addNameTag [ 'live-server', 'latest' ]
44 silly mapToRegistry name live-server
45 silly mapToRegistry using default registry
46 silly mapToRegistry registry https://registry.npmjs.org/
47 silly mapToRegistry uri https://registry.npmjs.org/live-server
48 verbose addNameTag registry:https://registry.npmjs.org/live-server not in flight; fetching
49 verbose request uri https://registry.npmjs.org/live-server
50 verbose request no auth needed
51 info attempt registry request try #1 at 1:47:21 PM
52 verbose etag W/"382dc3b266bd9bf4633ac99e931e4924"
53 verbose lastModified Fri, 04 Jan 2019 16:10:14 GMT
54 http request GET https://registry.npmjs.org/live-server
55 http 304 https://registry.npmjs.org/live-server
56 verbose headers { date: 'Wed, 30 Sep 2020 10:47:21 GMT',
56 verbose headers   connection: 'keep-alive',
56 verbose headers   'set-cookie':
56 verbose headers    [ '__cfduid=de06f2b10adaed952c57050f38512b47e1601462841; expires=Fri, 30-Oct-20 10:47:21 GMT; path=/; domain=.npmjs.org; HttpOnly; SameSite=Lax' ],
56 verbose headers   'cf-ray': '5dad5d88ef1ac2d6-FRA',
56 verbose headers   age: '3471',
56 verbose headers   'cache-control': 'public, max-age=300',
56 verbose headers   etag: '"382dc3b266bd9bf4633ac99e931e4924"',
56 verbose headers   'last-modified': 'Fri, 04 Jan 2019 16:10:14 GMT',
56 verbose headers   vary: 'Accept-Encoding',
56 verbose headers   'cf-cache-status': 'HIT',
56 verbose headers   'cf-request-id': '058038c9930000c2d65d000200000001',
56 verbose headers   'expect-ct': 'max-age=604800, report-uri="https://report-uri.cloudflare.com/cdn-cgi/beacon/expect-ct"',
56 verbose headers   server: 'cloudflare' }
57 silly get cb [ 304,
57 silly get   { date: 'Wed, 30 Sep 2020 10:47:21 GMT',
57 silly get     connection: 'keep-alive',
57 silly get     'set-cookie':
57 silly get      [ '__cfduid=de06f2b10adaed952c57050f38512b47e1601462841; expires=Fri, 30-Oct-20 10:47:21 GMT; path=/; domain=.npmjs.org; HttpOnly; SameSite=Lax' ],
57 silly get     'cf-ray': '5dad5d88ef1ac2d6-FRA',
57 silly get     age: '3471',
57 silly get     'cache-control': 'public, max-age=300',
57 silly get     etag: '"382dc3b266bd9bf4633ac99e931e4924"',
57 silly get     'last-modified': 'Fri, 04 Jan 2019 16:10:14 GMT',
57 silly get     vary: 'Accept-Encoding',
57 silly get     'cf-cache-status': 'HIT',
57 silly get     'cf-request-id': '058038c9930000c2d65d000200000001',
57 silly get     'expect-ct': 'max-age=604800, report-uri="https://report-uri.cloudflare.com/cdn-cgi/beacon/expect-ct"',
57 silly get     server: 'cloudflare' } ]
58 verbose etag https://registry.npmjs.org/live-server from cache
59 verbose get saving live-server to /home/oem/.npm/registry.npmjs.org/live-server/.cache.json
60 silly addNameTag next cb for live-server with tag latest
61 silly addNamed live-server@1.2.1
62 verbose addNamed "1.2.1" is a plain semver version for live-server
63 silly cache afterAdd live-server@1.2.1
64 verbose afterAdd /home/oem/.npm/live-server/1.2.1/package/package.json not in flight; writing
65 silly rollbackFailedOptional Starting
66 silly rollbackFailedOptional Finishing
67 silly runTopLevelLifecycles Starting
68 silly runTopLevelLifecycles Finishing
69 silly install printInstalled
70 verbose stack Error: EACCES: permission denied, open '/home/oem/.npm/live-server/1.2.1/package/package.json.1789667381'
71 verbose cwd /home/oem/Desktop/jsonAutocomplete
72 error Linux 4.15.0-106-generic
73 error argv "/usr/bin/node" "/usr/bin/npm" "install" "-g" "live-server"
74 error node v8.10.0
75 error npm  v3.5.2
76 error path /home/oem/.npm/live-server/1.2.1/package/package.json.1789667381
77 error code EACCES
78 error errno -13
79 error syscall open
80 error Error: EACCES: permission denied, open '/home/oem/.npm/live-server/1.2.1/package/package.json.1789667381'
80 error  { Error: EACCES: permission denied, open '/home/oem/.npm/live-server/1.2.1/package/package.json.1789667381'
80 error   errno: -13,
80 error   code: 'EACCES',
80 error   syscall: 'open',
80 error   path: '/home/oem/.npm/live-server/1.2.1/package/package.json.1789667381' }
81 error Please try running this command again as root/Administrator.
82 verbose exit [ -13, true ]
